<?xml version="1.0" encoding="UTF-8"?>
<testsuite name="com.example.kakuyomureader.core.common.RubyFilterTest" tests="3" skipped="0" failures="0" errors="0" timestamp="2026-08-11T07:35:42" hostname="jiro-Diginnos-Series" time="0.003">
  <properties/>
  <testcase name="filterRubyAndHtml_removesTextRubyNotation" classname="com.example.kakuyomureader.core.common.RubyFilterTest" time="0.003"/>
  <testcase name="filterRubyAndHtml_removesRtTagsCorrectly" classname="com.example.kakuyomureader.core.common.RubyFilterTest" time="0.0"/>
  <testcase name="filterRubyAndHtml_handlesEmptyOrBlank" classname="com.example.kakuyomureader.core.common.RubyFilterTest" time="0.0"/>
  <system-out><![CDATA[]]></system-out>
  <system-err><![CDATA[]]></system-err>
</testsuite>
